#
# A fatal error has been detected by the Java Runtime Environment:
#
#  SIGSEGV (0xb) at pc=0x000000011aafa010, pid=74050, tid=24835
#
# JRE version: Java(TM) SE Runtime Environment (7.0_55-b13) (build 1.7.0_55-b13)
# Java VM: Java HotSpot(TM) 64-Bit Server VM (24.55-b03 mixed mode bsd-amd64 compressed oops)
# Problematic frame:
# C  0x000000011aafa010
#
# Failed to write core dump. Core dumps have been disabled. To enable core dumping, try "ulimit -c unlimited" before starting Java again
#
# If you would like to submit a bug report, please visit:
#   http://bugreport.sun.com/bugreport/crash.jsp
#

---------------  T H R E A D  ---------------

Current thread is native thread

siginfo:si_signo=SIGSEGV: si_errno=0, si_code=1 (SEGV_MAPERR), si_addr=0x0000000000000000

Registers:
RAX=0x0000000000000000, RBX=0x000000011aafa010, RCX=0x0000000000000000, RDX=0x00007faf90e7d038
RSP=0x000000011d1a18d8, RBP=0x00007faf90e80e40, RSI=0x0000000000000000, RDI=0x000000011d1a1950
R8 =0x0000000000000040, R9 =0x000000011d1a1800, R10=0x0000000000000000, R11=0x0000000000000203
R12=0x00007faf90db72c0, R13=0x0000000000000001, R14=0x00007faf90e7d1d0, R15=0x0000000000000000
RIP=0x000000011aafa010, EFLAGS=0x0000000000010246, ERR=0x0000000000000006
  TRAPNO=0x000000000000000e

Top of Stack: (sp=0x000000011d1a18d8)
0x000000011d1a18d8:   000000011ab2b852 00007faf90e80e40
0x000000011d1a18e8:   00007faf90e7d060 00007faf90e7d000
0x000000011d1a18f8:   00007faf90e7d020 000000011d1a1950
0x000000011d1a1908:   00007faf90db72c0 00007faf90db72c0
0x000000011d1a1918:   0000000000000004 00007faf90e79cc0
0x000000011d1a1928:   000000011d1a1950 0000000000000001
0x000000011d1a1938:   000000011ab2df6e 000000011d1a2000
0x000000011d1a1948:   0000000000000004 00007faf0000010c
0x000000011d1a1958:   00007faf90e79cc0 000000013db70838
0x000000011d1a1968:   00007fff8acf18f3 000000011d1a19a0
0x000000011d1a1978:   0000000000000002 000000013db70838
0x000000011d1a1988:   00007faf90dbab00 00007faf90db72c0
0x000000011d1a1998:   00007faf90db9fc8 000000011b7b070f
0x000000011d1a19a8:   000000011b784f04 0007310000073100
0x000000011d1a19b8:   00007faf90db7210 00007faf90db7220
0x000000011d1a19c8:   000000011b7b070f 00007faf90db72c0
0x000000011d1a19d8:   0000000000000004 0000000000000004
0x000000011d1a19e8:   000000011b7b070f 000000011b7859b0
0x000000011d1a19f8:   00007faf90db7220 0000000000000000
0x000000011d1a1a08:   00007faf90db72c0 000000001728cad1
0x000000011d1a1a18:   0000000000000000 000000000295a157
0x000000011d1a1a28:   000000011d1a1a48 00007faf90dbad90
0x000000011d1a1a38:   000000011b74abed 00007faf90dbad90
0x000000011d1a1a48:   000000000295a157 000000000010c821
0x000000011d1a1a58:   000000000295a157 00007faf90db9f80
0x000000011d1a1a68:   000000011b7460f2 0000000000012068
0x000000011d1a1a78:   000000011d1a1b2c 000000011d1a1b10
0x000000011d1a1a88:   00007fff8acf14a9 0000000000012068
0x000000011d1a1a98:   3fb79a87ca180d8d 00007faf90dbad90
0x000000011d1a1aa8:   000000011d1a1b5c 000000011d1a1b40
0x000000011d1a1ab8:   00007fff8acf14a9 000000000017d36c
0x000000011d1a1ac8:   000000011d1a1b64 000000011d1a1b60 

Instructions: (pc=0x000000011aafa010)
0x000000011aaf9ff0:   00 00 00 00 00 00 00 00 00 00 00 00 00 00 00 00
0x000000011aafa000:   00 00 00 00 00 00 00 00 a9 00 00 00 00 00 00 00
0x000000011aafa010:   30 29 ae 1a 01 00 00 00 30 29 ae 1a 01 00 00 00
0x000000011aafa020:   01 00 00 00 f8 49 ff e3 98 af c8 90 af 7f 00 00 

Register to memory mapping:

RAX=0x0000000000000000 is an unknown value
RBX=0x000000011aafa010 is an unknown value
RCX=0x0000000000000000 is an unknown value
RDX=0x00007faf90e7d038 is an unknown value
RSP=0x000000011d1a18d8 is an unknown value
RBP=0x00007faf90e80e40 is an unknown value
RSI=0x0000000000000000 is an unknown value
RDI=0x000000011d1a1950 is an unknown value
R8 =0x0000000000000040 is an unknown value
R9 =0x000000011d1a1800 is an unknown value
R10=0x0000000000000000 is an unknown value
R11=0x0000000000000203 is an unknown value
R12=0x00007faf90db72c0 is an unknown value
R13=0x0000000000000001 is an unknown value
R14=0x00007faf90e7d1d0 is an unknown value
R15=0x0000000000000000 is an unknown value


Stack: [0x000000011d0a2000,0x000000011d1a2000],  sp=0x000000011d1a18d8,  free space=1022k
Native frames: (J=compiled Java code, j=interpreted, Vv=VM code, C=native code)
C  0x000000011aafa010


---------------  P R O C E S S  ---------------

VM state:not at safepoint (normal execution)

VM Mutex/Monitor currently owned by a thread: None

Heap
 PSYoungGen      total 38912K, used 10084K [0x00000007d5500000, 0x00000007d8000000, 0x0000000800000000)
  eden space 33792K, 19% used [0x00000007d5500000,0x00000007d5b96778,0x00000007d7600000)
  from space 5120K, 65% used [0x00000007d7b00000,0x00000007d7e42aa0,0x00000007d8000000)
  to   space 5120K, 0% used [0x00000007d7600000,0x00000007d7600000,0x00000007d7b00000)
 ParOldGen       total 87040K, used 689K [0x0000000780000000, 0x0000000785500000, 0x00000007d5500000)
  object space 87040K, 0% used [0x0000000780000000,0x00000007800ac768,0x0000000785500000)
 PSPermGen       total 21504K, used 14920K [0x000000077ae00000, 0x000000077c300000, 0x0000000780000000)
  object space 21504K, 69% used [0x000000077ae00000,0x000000077bc920d8,0x000000077c300000)

Card table byte_map: [0x0000000113816000,0x0000000113c40000] byte_map_base: 0x000000010fc3f000

Polling page: 0x000000010f381000

Code Cache  [0x0000000110756000, 0x00000001109c6000, 0x0000000113756000)
 total_blobs=527 nmethods=250 adapters=231 free_code_cache=48201Kb largest_free_block=49329600

Compilation events (10 events):
Event: 45.753 Thread 0x00007faf9106a000 nmethod 241 0x0000000110845d50 code [0x0000000110845ec0, 0x0000000110846468]
Event: 45.762 Thread 0x00007faf91057800 nmethod 252 0x0000000110848350 code [0x00000001108484c0, 0x0000000110848a18]
Event: 45.763 Thread 0x00007faf9106a000  253  s          java.lang.StringBuffer::append (8 bytes)
Event: 45.767 Thread 0x00007faf91057800  254             scala.Product$class::$init$ (1 bytes)
Event: 45.767 Thread 0x00007faf91057800 nmethod 254 0x00000001107d8250 code [0x00000001107d8380, 0x00000001107d83b8]
Event: 45.767 Thread 0x00007faf91057800  255             java.nio.ByteBuffer::arrayOffset (35 bytes)
Event: 45.770 Thread 0x00007faf91057800 nmethod 255 0x000000011083fb50 code [0x000000011083fca0, 0x000000011083fd38]
Event: 45.771 Thread 0x00007faf9106a000 nmethod 253 0x0000000110847710 code [0x0000000110847880, 0x0000000110847f38]
Event: 45.774 Thread 0x00007faf91057800  256             java.util.regex.Pattern$BmpCharProperty::match (50 bytes)
Event: 45.779 Thread 0x00007faf9106a000  257             java.util.regex.Pattern$Branch::match (66 bytes)

GC Heap History (8 events):
Event: 1.199 GC heap before
{Heap before GC invocations=1 (full 0):
 PSYoungGen      total 38912K, used 33792K [0x00000007d5500000, 0x00000007d8000000, 0x0000000800000000)
  eden space 33792K, 100% used [0x00000007d5500000,0x00000007d7600000,0x00000007d7600000)
  from space 5120K, 0% used [0x00000007d7b00000,0x00000007d7b00000,0x00000007d8000000)
  to   space 5120K, 0% used [0x00000007d7600000,0x00000007d7600000,0x00000007d7b00000)
 ParOldGen       total 87040K, used 0K [0x0000000780000000, 0x0000000785500000, 0x00000007d5500000)
  object space 87040K, 0% used [0x0000000780000000,0x0000000780000000,0x0000000785500000)
 PSPermGen       total 21504K, used 9866K [0x000000077ae00000, 0x000000077c300000, 0x0000000780000000)
  object space 21504K, 45% used [0x000000077ae00000,0x000000077b7a2a68,0x000000077c300000)
Event: 1.209 GC heap after
Heap after GC invocations=1 (full 0):
 PSYoungGen      total 38912K, used 5115K [0x00000007d5500000, 0x00000007d8000000, 0x0000000800000000)
  eden space 33792K, 0% used [0x00000007d5500000,0x00000007d5500000,0x00000007d7600000)
  from space 5120K, 99% used [0x00000007d7600000,0x00000007d7afefc8,0x00000007d7b00000)
  to   space 5120K, 0% used [0x00000007d7b00000,0x00000007d7b00000,0x00000007d8000000)
 ParOldGen       total 87040K, used 512K [0x0000000780000000, 0x0000000785500000, 0x00000007d5500000)
  object space 87040K, 0% used [0x0000000780000000,0x00000007800803c8,0x0000000785500000)
 PSPermGen       total 21504K, used 9866K [0x000000077ae00000, 0x000000077c300000, 0x0000000780000000)
  object space 21504K, 45% used [0x000000077ae00000,0x000000077b7a2a68,0x000000077c300000)
}
Event: 2.262 GC heap before
{Heap before GC invocations=2 (full 0):
 PSYoungGen      total 38912K, used 38907K [0x00000007d5500000, 0x00000007d8000000, 0x0000000800000000)
  eden space 33792K, 100% used [0x00000007d5500000,0x00000007d7600000,0x00000007d7600000)
  from space 5120K, 99% used [0x00000007d7600000,0x00000007d7afefc8,0x00000007d7b00000)
  to   space 5120K, 0% used [0x00000007d7b00000,0x00000007d7b00000,0x00000007d8000000)
 ParOldGen       total 87040K, used 512K [0x0000000780000000, 0x0000000785500000, 0x00000007d5500000)
  object space 87040K, 0% used [0x0000000780000000,0x00000007800803c8,0x0000000785500000)
 PSPermGen       total 21504K, used 14609K [0x000000077ae00000, 0x000000077c300000, 0x0000000780000000)
  object space 21504K, 67% used [0x000000077ae00000,0x000000077bc44478,0x000000077c300000)
Event: 2.271 GC heap after
Heap after GC invocations=2 (full 0):
 PSYoungGen      total 38912K, used 5093K [0x00000007d5500000, 0x00000007d8000000, 0x0000000800000000)
  eden space 33792K, 0% used [0x00000007d5500000,0x00000007d5500000,0x00000007d7600000)
  from space 5120K, 99% used [0x00000007d7b00000,0x00000007d7ff97e8,0x00000007d8000000)
  to   space 5120K, 0% used [0x00000007d7600000,0x00000007d7600000,0x00000007d7b00000)
 ParOldGen       total 87040K, used 673K [0x0000000780000000, 0x0000000785500000, 0x00000007d5500000)
  object space 87040K, 0% used [0x0000000780000000,0x00000007800a8768,0x0000000785500000)
 PSPermGen       total 21504K, used 14609K [0x000000077ae00000, 0x000000077c300000, 0x0000000780000000)
  object space 21504K, 67% used [0x000000077ae00000,0x000000077bc44478,0x000000077c300000)
}
Event: 20.883 GC heap before
{Heap before GC invocations=3 (full 0):
 PSYoungGen      total 38912K, used 38885K [0x00000007d5500000, 0x00000007d8000000, 0x0000000800000000)
  eden space 33792K, 100% used [0x00000007d5500000,0x00000007d7600000,0x00000007d7600000)
  from space 5120K, 99% used [0x00000007d7b00000,0x00000007d7ff97e8,0x00000007d8000000)
  to   space 5120K, 0% used [0x00000007d7600000,0x00000007d7600000,0x00000007d7b00000)
 ParOldGen       total 87040K, used 673K [0x0000000780000000, 0x0000000785500000, 0x00000007d5500000)
  object space 87040K, 0% used [0x0000000780000000,0x00000007800a8768,0x0000000785500000)
 PSPermGen       total 21504K, used 14814K [0x000000077ae00000, 0x000000077c300000, 0x0000000780000000)
  object space 21504K, 68% used [0x000000077ae00000,0x000000077bc77b18,0x000000077c300000)
Event: 20.890 GC heap after
Heap after GC invocations=3 (full 0):
 PSYoungGen      total 38912K, used 2842K [0x00000007d5500000, 0x00000007d8000000, 0x0000000800000000)
  eden space 33792K, 0% used [0x00000007d5500000,0x00000007d5500000,0x00000007d7600000)
  from space 5120K, 55% used [0x00000007d7600000,0x00000007d78c69e0,0x00000007d7b00000)
  to   space 5120K, 0% used [0x00000007d7b00000,0x00000007d7b00000,0x00000007d8000000)
 ParOldGen       total 87040K, used 681K [0x0000000780000000, 0x0000000785500000, 0x00000007d5500000)
  object space 87040K, 0% used [0x0000000780000000,0x00000007800aa768,0x0000000785500000)
 PSPermGen       total 21504K, used 14814K [0x000000077ae00000, 0x000000077c300000, 0x0000000780000000)
  object space 21504K, 68% used [0x000000077ae00000,0x000000077bc77b18,0x000000077c300000)
}
Event: 45.699 GC heap before
{Heap before GC invocations=4 (full 0):
 PSYoungGen      total 38912K, used 36634K [0x00000007d5500000, 0x00000007d8000000, 0x0000000800000000)
  eden space 33792K, 100% used [0x00000007d5500000,0x00000007d7600000,0x00000007d7600000)
  from space 5120K, 55% used [0x00000007d7600000,0x00000007d78c69e0,0x00000007d7b00000)
  to   space 5120K, 0% used [0x00000007d7b00000,0x00000007d7b00000,0x00000007d8000000)
 ParOldGen       total 87040K, used 681K [0x0000000780000000, 0x0000000785500000, 0x00000007d5500000)
  object space 87040K, 0% used [0x0000000780000000,0x00000007800aa768,0x0000000785500000)
 PSPermGen       total 21504K, used 14897K [0x000000077ae00000, 0x000000077c300000, 0x0000000780000000)
  object space 21504K, 69% used [0x000000077ae00000,0x000000077bc8c450,0x000000077c300000)
Event: 45.714 GC heap after
Heap after GC invocations=4 (full 0):
 PSYoungGen      total 38912K, used 3338K [0x00000007d5500000, 0x00000007d8000000, 0x0000000800000000)
  eden space 33792K, 0% used [0x00000007d5500000,0x00000007d5500000,0x00000007d7600000)
  from space 5120K, 65% used [0x00000007d7b00000,0x00000007d7e42aa0,0x00000007d8000000)
  to   space 5120K, 0% used [0x00000007d7600000,0x00000007d7600000,0x00000007d7b00000)
 ParOldGen       total 87040K, used 689K [0x0000000780000000, 0x0000000785500000, 0x00000007d5500000)
  object space 87040K, 0% used [0x0000000780000000,0x00000007800ac768,0x0000000785500000)
 PSPermGen       total 21504K, used 14897K [0x000000077ae00000, 0x000000077c300000, 0x0000000780000000)
  object space 21504K, 69% used [0x000000077ae00000,0x000000077bc8c450,0x000000077c300000)
}

Deoptimization events (10 events):
Event: 1.265 Thread 0x00007faf92003000 Uncommon trap: reason=class_check action=maybe_recompile pc=0x00000001107dd284 method=java.util.AbstractCollection.isEmpty()Z @ 1
Event: 1.644 Thread 0x00007faf9289e800 Uncommon trap: reason=class_check action=maybe_recompile pc=0x00000001107fb4fc method=java.util.Properties$LineReader.readLine()I @ 62
Event: 1.644 Thread 0x00007faf9289e800 Uncommon trap: reason=class_check action=maybe_recompile pc=0x00000001107fb4fc method=java.util.Properties$LineReader.readLine()I @ 62
Event: 2.283 Thread 0x00007faf91055000 Uncommon trap: reason=unreached action=reinterpret pc=0x000000011080694c method=java.lang.ref.ReferenceQueue.poll()Ljava/lang/ref/Reference; @ 4
Event: 9.127 Thread 0x00007faf92231000 Uncommon trap: reason=null_check action=make_not_entrant pc=0x000000011081afcc method=com.sun.jna.Native.getNativeSize(Ljava/lang/Class;Ljava/lang/Object;)I @ 83
Event: 26.974 Thread 0x00007faf9289e800 Uncommon trap: reason=unreached action=reinterpret pc=0x000000011080ed18 method=java.lang.Class.privateGetDeclaredFields(Z)[Ljava/lang/reflect/Field; @ 44
Event: 26.974 Thread 0x00007faf9289e800 Uncommon trap: reason=unreached action=reinterpret pc=0x000000011081d46c method=java.lang.reflect.Field.getFieldAccessor(Ljava/lang/Object;)Lsun/reflect/FieldAccessor; @ 22
Event: 35.746 Thread 0x00007faf92065000 Uncommon trap: reason=null_check action=make_not_entrant pc=0x00000001107d613c method=com.sun.jna.Native.getNativeSize(Ljava/lang/Class;)I @ 23
Event: 45.587 Thread 0x00007faf92197000 Uncommon trap: reason=unreached action=reinterpret pc=0x000000011082db08 method=java.lang.Class.newInstance()Ljava/lang/Object; @ 19
Event: 45.587 Thread 0x00007faf92197000 Uncommon trap: reason=unreached action=reinterpret pc=0x00000001107cbf18 method=java.lang.reflect.Constructor.newInstance([Ljava/lang/Object;)Ljava/lang/Object; @ 69

Internal exceptions (10 events):
Event: 35.512 Thread 0x00007faf91a9b000 Threw 0x00000007d5cfe700 at /HUDSON/workspace/7u-2-build-macosx-x86_64/jdk7u55/869/hotspot/src/share/vm/prims/jvm.cpp:1244
Event: 35.513 Thread 0x00007faf91a9b000 Threw 0x00000007d5d03328 at /HUDSON/workspace/7u-2-build-macosx-x86_64/jdk7u55/869/hotspot/src/share/vm/prims/jvm.cpp:1244
Event: 35.513 Thread 0x00007faf91a9b000 Threw 0x00000007d5d066d8 at /HUDSON/workspace/7u-2-build-macosx-x86_64/jdk7u55/869/hotspot/src/share/vm/prims/jvm.cpp:1244
Event: 35.521 Thread 0x00007faf91a9b000 Threw 0x00000007d5d13418 at /HUDSON/workspace/7u-2-build-macosx-x86_64/jdk7u55/869/hotspot/src/share/vm/prims/jvm.cpp:1244
Event: 35.521 Thread 0x00007faf91a9b000 Threw 0x00000007d5d19158 at /HUDSON/workspace/7u-2-build-macosx-x86_64/jdk7u55/869/hotspot/src/share/vm/prims/jvm.cpp:1244
Event: 35.523 Thread 0x00007faf91a9b000 Threw 0x00000007d5d1f608 at /HUDSON/workspace/7u-2-build-macosx-x86_64/jdk7u55/869/hotspot/src/share/vm/prims/jvm.cpp:1244
Event: 35.524 Thread 0x00007faf91a9b000 Threw 0x00000007d5d251f0 at /HUDSON/workspace/7u-2-build-macosx-x86_64/jdk7u55/869/hotspot/src/share/vm/prims/jvm.cpp:1244
Event: 35.525 Thread 0x00007faf91a9b000 Threw 0x00000007d65eb9b8 at /HUDSON/workspace/7u-2-build-macosx-x86_64/jdk7u55/869/hotspot/src/share/vm/prims/jvm.cpp:1244
Event: 44.500 Thread 0x00007faf912c0800 Threw 0x00000007d6f37010 at /HUDSON/workspace/7u-2-build-macosx-x86_64/jdk7u55/869/hotspot/src/share/vm/prims/jvm.cpp:1244
Event: 45.587 Thread 0x00007faf92197000 Implicit null exception at 0x00000001107cbe31 to 0x00000001107cbf0d

Events (10 events):
Event: 45.727 Executing VM operation: RevokeBias done
Event: 45.728 Thread 0x00007faf9106a000 flushing nmethod 0x0000000110806790
Event: 45.732 Executing VM operation: RevokeBias
Event: 45.733 Executing VM operation: RevokeBias done
Event: 45.733 Executing VM operation: RevokeBias
Event: 45.733 Executing VM operation: RevokeBias done
Event: 45.733 Executing VM operation: RevokeBias
Event: 45.733 Executing VM operation: RevokeBias done
Event: 45.733 Executing VM operation: RevokeBias
Event: 45.733 Executing VM operation: RevokeBias done


Dynamic libraries:
0x0000000006fa4000 	/System/Library/Frameworks/Cocoa.framework/Versions/A/Cocoa
0x0000000006fa4000 	/System/Library/Frameworks/Security.framework/Versions/A/Security
0x0000000006fa4000 	/System/Library/Frameworks/ApplicationServices.framework/Versions/A/ApplicationServices
0x0000000006fa4000 	/usr/lib/libz.1.dylib
0x0000000006fa4000 	/usr/lib/libSystem.B.dylib
0x0000000006fa4000 	/usr/lib/libobjc.A.dylib
0x0000000006fa4000 	/System/Library/Frameworks/CoreFoundation.framework/Versions/A/CoreFoundation
0x0000000006fa4000 	/System/Library/Frameworks/Foundation.framework/Versions/C/Foundation
0x0000000006fa4000 	/System/Library/Frameworks/AppKit.framework/Versions/C/AppKit
0x0000000006fa4000 	/System/Library/Frameworks/CoreData.framework/Versions/A/CoreData
0x0000000006fa4000 	/System/Library/PrivateFrameworks/RemoteViewServices.framework/Versions/A/RemoteViewServices
0x0000000006fa4000 	/System/Library/Frameworks/AudioToolbox.framework/Versions/A/AudioToolbox
0x0000000006fa4000 	/System/Library/Frameworks/AudioUnit.framework/Versions/A/AudioUnit
0x0000000006fa4000 	/System/Library/PrivateFrameworks/DataDetectorsCore.framework/Versions/A/DataDetectorsCore
0x0000000006fa4000 	/System/Library/PrivateFrameworks/DesktopServicesPriv.framework/Versions/A/DesktopServicesPriv
0x0000000006fa4000 	/System/Library/Frameworks/Carbon.framework/Versions/A/Frameworks/HIToolbox.framework/Versions/A/HIToolbox
0x0000000006fa4000 	/System/Library/Frameworks/QuartzCore.framework/Versions/A/QuartzCore
0x0000000006fa4000 	/System/Library/Frameworks/Carbon.framework/Versions/A/Frameworks/SpeechRecognition.framework/Versions/A/SpeechRecognition
0x0000000006fa4000 	/usr/lib/libauto.dylib
0x0000000006fa4000 	/usr/lib/libicucore.A.dylib
0x0000000006fa4000 	/usr/lib/libxml2.2.dylib
0x0000000006fa4000 	/System/Library/PrivateFrameworks/CoreUI.framework/Versions/A/CoreUI
0x0000000006fa4000 	/System/Library/Frameworks/CoreAudio.framework/Versions/A/CoreAudio
0x0000000006fa4000 	/System/Library/Frameworks/DiskArbitration.framework/Versions/A/DiskArbitration
0x0000000006fa4000 	/usr/lib/liblangid.dylib
0x0000000006fa4000 	/System/Library/PrivateFrameworks/MultitouchSupport.framework/Versions/A/MultitouchSupport
0x0000000006fa4000 	/System/Library/Frameworks/IOKit.framework/Versions/A/IOKit
0x0000000006fa4000 	/usr/lib/libDiagnosticMessagesClient.dylib
0x0000000006fa4000 	/System/Library/Frameworks/CoreServices.framework/Versions/A/CoreServices
0x0000000006fa4000 	/System/Library/PrivateFrameworks/PerformanceAnalysis.framework/Versions/A/PerformanceAnalysis
0x0000000006fa4000 	/System/Library/PrivateFrameworks/GenerationalStorage.framework/Versions/A/GenerationalStorage
0x0000000006fa4000 	/System/Library/Frameworks/OpenGL.framework/Versions/A/OpenGL
0x0000000006fa4000 	/System/Library/PrivateFrameworks/Sharing.framework/Versions/A/Sharing
0x0000000006fa4000 	/System/Library/Frameworks/ImageIO.framework/Versions/A/ImageIO
0x0000000006fa4000 	/System/Library/Frameworks/CoreText.framework/Versions/A/CoreText
0x0000000006fa4000 	/System/Library/Frameworks/CoreGraphics.framework/Versions/A/CoreGraphics
0x0000000006fa4000 	/System/Library/PrivateFrameworks/Backup.framework/Versions/A/Backup
0x0000000006fa4000 	/System/Library/Frameworks/CFNetwork.framework/Versions/A/CFNetwork
0x0000000006fa4000 	/System/Library/Frameworks/SystemConfiguration.framework/Versions/A/SystemConfiguration
0x0000000006fa4000 	/usr/lib/libCRFSuite.dylib
0x0000000006fa4000 	/usr/lib/libc++.1.dylib
0x0000000006fa4000 	/usr/lib/libc++abi.dylib
0x0000000006fa4000 	/usr/lib/system/libcache.dylib
0x0000000006fa4000 	/usr/lib/system/libcommonCrypto.dylib
0x0000000006fa4000 	/usr/lib/system/libcompiler_rt.dylib
0x0000000006fa4000 	/usr/lib/system/libcopyfile.dylib
0x0000000006fa4000 	/usr/lib/system/libcorecrypto.dylib
0x0000000006fa4000 	/usr/lib/system/libdispatch.dylib
0x0000000006fa4000 	/usr/lib/system/libdyld.dylib
0x0000000006fa4000 	/usr/lib/system/libkeymgr.dylib
0x0000000006fa4000 	/usr/lib/system/liblaunch.dylib
0x0000000006fa4000 	/usr/lib/system/libmacho.dylib
0x0000000006fa4000 	/usr/lib/system/libquarantine.dylib
0x0000000006fa4000 	/usr/lib/system/libremovefile.dylib
0x0000000006fa4000 	/usr/lib/system/libsystem_asl.dylib
0x0000000006fa4000 	/usr/lib/system/libsystem_blocks.dylib
0x0000000006fa4000 	/usr/lib/system/libsystem_c.dylib
0x0000000006fa4000 	/usr/lib/system/libsystem_configuration.dylib
0x0000000006fa4000 	/usr/lib/system/libsystem_dnssd.dylib
0x0000000006fa4000 	/usr/lib/system/libsystem_info.dylib
0x0000000006fa4000 	/usr/lib/system/libsystem_kernel.dylib
0x0000000006fa4000 	/usr/lib/system/libsystem_m.dylib
0x0000000006fa4000 	/usr/lib/system/libsystem_malloc.dylib
0x0000000006fa4000 	/usr/lib/system/libsystem_network.dylib
0x0000000006fa4000 	/usr/lib/system/libsystem_notify.dylib
0x0000000006fa4000 	/usr/lib/system/libsystem_platform.dylib
0x0000000006fa4000 	/usr/lib/system/libsystem_pthread.dylib
0x0000000006fa4000 	/usr/lib/system/libsystem_sandbox.dylib
0x0000000006fa4000 	/usr/lib/system/libsystem_stats.dylib
0x0000000006fa4000 	/usr/lib/system/libunc.dylib
0x0000000006fa4000 	/usr/lib/system/libunwind.dylib
0x0000000006fa4000 	/usr/lib/system/libxpc.dylib
0x0000000006fa4000 	/usr/lib/libbsm.0.dylib
0x0000000006fa4000 	/usr/lib/libsqlite3.dylib
0x0000000006fa4000 	/usr/lib/libxar.1.dylib
0x0000000006fa4000 	/usr/lib/libpam.2.dylib
0x0000000006fa4000 	/usr/lib/libOpenScriptingUtil.dylib
0x0000000006fa4000 	/usr/lib/libbz2.1.0.dylib
0x0000000006fa4000 	/System/Library/Frameworks/CoreServices.framework/Versions/A/Frameworks/CarbonCore.framework/Versions/A/CarbonCore
0x0000000006fa4000 	/System/Library/Frameworks/CoreServices.framework/Versions/A/Frameworks/Metadata.framework/Versions/A/Metadata
0x0000000006fa4000 	/System/Library/Frameworks/CoreServices.framework/Versions/A/Frameworks/OSServices.framework/Versions/A/OSServices
0x0000000006fa4000 	/System/Library/Frameworks/CoreServices.framework/Versions/A/Frameworks/SearchKit.framework/Versions/A/SearchKit
0x0000000006fa4000 	/System/Library/Frameworks/CoreServices.framework/Versions/A/Frameworks/AE.framework/Versions/A/AE
0x0000000006fa4000 	/System/Library/Frameworks/CoreServices.framework/Versions/A/Frameworks/LaunchServices.framework/Versions/A/LaunchServices
0x0000000006fa4000 	/System/Library/Frameworks/CoreServices.framework/Versions/A/Frameworks/DictionaryServices.framework/Versions/A/DictionaryServices
0x0000000006fa4000 	/System/Library/Frameworks/NetFS.framework/Versions/A/NetFS
0x0000000006fa4000 	/usr/lib/system/libkxld.dylib
0x0000000006fa4000 	/System/Library/PrivateFrameworks/NetAuth.framework/Versions/A/NetAuth
0x0000000006fa4000 	/System/Library/PrivateFrameworks/TCC.framework/Versions/A/TCC
0x0000000006fa4000 	/System/Library/Frameworks/OpenDirectory.framework/Versions/A/Frameworks/CFOpenDirectory.framework/Versions/A/CFOpenDirectory
0x0000000006fa4000 	/System/Library/Frameworks/ServiceManagement.framework/Versions/A/ServiceManagement
0x0000000006fa4000 	/usr/lib/libxslt.1.dylib
0x0000000006fa4000 	/System/Library/Frameworks/Carbon.framework/Versions/A/Frameworks/Ink.framework/Versions/A/Ink
0x0000000006fa4000 	/System/Library/Frameworks/ApplicationServices.framework/Versions/A/Frameworks/ATS.framework/Versions/A/ATS
0x0000000006fa4000 	/System/Library/Frameworks/ApplicationServices.framework/Versions/A/Frameworks/ColorSync.framework/Versions/A/ColorSync
0x0000000006fa4000 	/System/Library/Frameworks/ApplicationServices.framework/Versions/A/Frameworks/HIServices.framework/Versions/A/HIServices
0x0000000006fa4000 	/System/Library/Frameworks/ApplicationServices.framework/Versions/A/Frameworks/LangAnalysis.framework/Versions/A/LangAnalysis
0x0000000006fa4000 	/System/Library/Frameworks/ApplicationServices.framework/Versions/A/Frameworks/PrintCore.framework/Versions/A/PrintCore
0x0000000006fa4000 	/System/Library/Frameworks/ApplicationServices.framework/Versions/A/Frameworks/QD.framework/Versions/A/QD
0x0000000006fa4000 	/System/Library/Frameworks/ApplicationServices.framework/Versions/A/Frameworks/SpeechSynthesis.framework/Versions/A/SpeechSynthesis
0x0000000006fa4000 	/System/Library/Frameworks/IOSurface.framework/Versions/A/IOSurface
0x0000000006fa4000 	/System/Library/Frameworks/Accelerate.framework/Versions/A/Accelerate
0x0000000006fa4000 	/System/Library/Frameworks/Accelerate.framework/Versions/A/Frameworks/vImage.framework/Versions/A/vImage
0x0000000006fa4000 	/System/Library/Frameworks/Accelerate.framework/Versions/A/Frameworks/vecLib.framework/Versions/A/vecLib
0x0000000006fa4000 	/System/Library/Frameworks/Accelerate.framework/Versions/A/Frameworks/vecLib.framework/Versions/A/libvDSP.dylib
0x0000000006fa4000 	/System/Library/Frameworks/Accelerate.framework/Versions/A/Frameworks/vecLib.framework/Versions/A/libvMisc.dylib
0x0000000006fa4000 	/System/Library/Frameworks/Accelerate.framework/Versions/A/Frameworks/vecLib.framework/Versions/A/libLAPACK.dylib
0x0000000006fa4000 	/System/Library/Frameworks/Accelerate.framework/Versions/A/Frameworks/vecLib.framework/Versions/A/libBLAS.dylib
0x0000000006fa4000 	/System/Library/Frameworks/ApplicationServices.framework/Versions/A/Frameworks/ATS.framework/Versions/A/Resources/libFontParser.dylib
0x0000000006fa4000 	/System/Library/Frameworks/ApplicationServices.framework/Versions/A/Frameworks/ATS.framework/Versions/A/Resources/libFontRegistry.dylib
0x0000000006fa4000 	/System/Library/Frameworks/ImageIO.framework/Versions/A/Resources/libJPEG.dylib
0x0000000006fa4000 	/System/Library/Frameworks/ImageIO.framework/Versions/A/Resources/libTIFF.dylib
0x0000000006fa4000 	/System/Library/Frameworks/ImageIO.framework/Versions/A/Resources/libPng.dylib
0x0000000006fa4000 	/System/Library/Frameworks/ImageIO.framework/Versions/A/Resources/libGIF.dylib
0x0000000006fa4000 	/System/Library/Frameworks/ImageIO.framework/Versions/A/Resources/libJP2.dylib
0x0000000006fa4000 	/System/Library/Frameworks/ImageIO.framework/Versions/A/Resources/libRadiance.dylib
0x0000000006fa4000 	/usr/lib/libcups.2.dylib
0x0000000006fa4000 	/System/Library/Frameworks/Kerberos.framework/Versions/A/Kerberos
0x0000000006fa4000 	/System/Library/Frameworks/GSS.framework/Versions/A/GSS
0x0000000006fa4000 	/usr/lib/libresolv.9.dylib
0x0000000006fa4000 	/usr/lib/libiconv.2.dylib
0x0000000006fa4000 	/System/Library/PrivateFrameworks/Heimdal.framework/Versions/A/Heimdal
0x0000000006fa4000 	/System/Library/PrivateFrameworks/TrustEvaluationAgent.framework/Versions/A/TrustEvaluationAgent
0x0000000006fa4000 	/usr/lib/libheimdal-asn1.dylib
0x0000000006fa4000 	/System/Library/Frameworks/OpenDirectory.framework/Versions/A/OpenDirectory
0x0000000006fa4000 	/System/Library/PrivateFrameworks/CommonAuth.framework/Versions/A/CommonAuth
0x0000000006fa4000 	/System/Library/Frameworks/SecurityFoundation.framework/Versions/A/SecurityFoundation
0x0000000006fa4000 	/System/Library/PrivateFrameworks/Bom.framework/Versions/A/Bom
0x0000000006fa4000 	/System/Library/Frameworks/CoreVideo.framework/Versions/A/CoreVideo
0x0000000006fa4000 	/System/Library/Frameworks/QuartzCore.framework/Versions/A/Frameworks/CoreImage.framework/Versions/A/CoreImage
0x0000000006fa4000 	/System/Library/Frameworks/QuartzCore.framework/Versions/A/Frameworks/ScalableUserInterface.framework/Versions/A/ScalableUserInterface
0x0000000006fa4000 	/System/Library/Frameworks/OpenGL.framework/Versions/A/Libraries/libGLU.dylib
0x0000000006fa4000 	/System/Library/Frameworks/OpenGL.framework/Versions/A/Libraries/libGFXShared.dylib
0x0000000006fa4000 	/System/Library/Frameworks/OpenGL.framework/Versions/A/Libraries/libGL.dylib
0x0000000006fa4000 	/System/Library/Frameworks/OpenGL.framework/Versions/A/Libraries/libGLImage.dylib
0x0000000006fa4000 	/System/Library/Frameworks/OpenGL.framework/Versions/A/Libraries/libCVMSPluginSupport.dylib
0x0000000006fa4000 	/System/Library/Frameworks/OpenGL.framework/Versions/A/Libraries/libCoreVMClient.dylib
0x0000000006fa4000 	/System/Library/PrivateFrameworks/FaceCore.framework/Versions/A/FaceCore
0x0000000006fa4000 	/System/Library/PrivateFrameworks/CrashReporterSupport.framework/Versions/A/CrashReporterSupport
0x0000000006fa4000 	/System/Library/Frameworks/OpenCL.framework/Versions/A/OpenCL
0x0000000006fa4000 	/System/Library/PrivateFrameworks/AppleFSCompression.framework/Versions/A/AppleFSCompression
0x0000000006fa4000 	/System/Library/PrivateFrameworks/Ubiquity.framework/Versions/A/Ubiquity
0x0000000006fa4000 	/System/Library/PrivateFrameworks/IconServices.framework/Versions/A/IconServices
0x0000000006fa4000 	/System/Library/PrivateFrameworks/ChunkingLibrary.framework/Versions/A/ChunkingLibrary
0x0000000006fa4000 	/System/Library/PrivateFrameworks/CoreSymbolication.framework/Versions/A/CoreSymbolication
0x0000000006fa4000 	/System/Library/PrivateFrameworks/Symbolication.framework/Versions/A/Symbolication
0x0000000006fa4000 	/System/Library/PrivateFrameworks/DebugSymbols.framework/Versions/A/DebugSymbols
0x000000010fc00000 	/Library/Java/JavaVirtualMachines/jdk1.7.0_55.jdk/Contents/Home/jre/lib/server/libjvm.dylib
0x0000000006fa4000 	/usr/lib/libstdc++.6.dylib
0x000000010f344000 	/Library/Java/JavaVirtualMachines/jdk1.7.0_55.jdk/Contents/Home/jre/lib/libverify.dylib
0x000000010f351000 	/Library/Java/JavaVirtualMachines/jdk1.7.0_55.jdk/Contents/Home/jre/lib/libjava.dylib
0x000000010f38b000 	/Library/Java/JavaVirtualMachines/jdk1.7.0_55.jdk/Contents/Home/jre/lib/libzip.dylib
0x000000010f3e8000 	/System/Library/Frameworks/JavaVM.framework/Frameworks/JavaRuntimeSupport.framework/JavaRuntimeSupport
0x0000000119f70000 	/System/Library/Frameworks/JavaVM.framework/Versions/A/Frameworks/JavaNativeFoundation.framework/Versions/A/JavaNativeFoundation
0x0000000119f85000 	/System/Library/Frameworks/JavaVM.framework/Versions/A/JavaVM
0x0000000006fa4000 	/System/Library/Frameworks/Carbon.framework/Versions/A/Carbon
0x0000000119f92000 	/System/Library/PrivateFrameworks/JavaLaunching.framework/Versions/A/JavaLaunching
0x0000000006fa4000 	/System/Library/Frameworks/Carbon.framework/Versions/A/Frameworks/CommonPanels.framework/Versions/A/CommonPanels
0x0000000006fa4000 	/System/Library/Frameworks/Carbon.framework/Versions/A/Frameworks/Help.framework/Versions/A/Help
0x0000000006fa4000 	/System/Library/Frameworks/Carbon.framework/Versions/A/Frameworks/ImageCapture.framework/Versions/A/ImageCapture
0x0000000006fa4000 	/System/Library/Frameworks/Carbon.framework/Versions/A/Frameworks/OpenScripting.framework/Versions/A/OpenScripting
0x0000000006fa4000 	/System/Library/Frameworks/Carbon.framework/Versions/A/Frameworks/Print.framework/Versions/A/Print
0x0000000006fa4000 	/System/Library/Frameworks/Carbon.framework/Versions/A/Frameworks/SecurityHI.framework/Versions/A/SecurityHI
0x000000011a959000 	/Applications/IntelliJ IDEA 13 CE.app/bin/libbreakgen64.jnilib
0x000000011aa5f000 	/Library/Java/JavaVirtualMachines/jdk1.7.0_55.jdk/Contents/Home/jre/lib/libnet.dylib
0x000000011aabc000 	/Library/Java/JavaVirtualMachines/jdk1.7.0_55.jdk/Contents/Home/jre/lib/libnio.dylib
0x000000011aad0000 	/private/var/folders/t8/wymxj7cx3_s4pp2dt5sc6ll993ltlp/T/jna-vinay.varma/jna6290069559643211932.tmp
0x000000011ab25000 	/Applications/VLC.app/Contents/MacOS/lib/libvlc.dylib
0x000000011b720000 	/Applications/VLC.app/Contents/MacOS/lib/libvlccore.7.dylib
0x000000011aae5000 	/Applications/VLC.app/Contents/MacOS/plugins/libavcapture_plugin.dylib
0x0000000006fa4000 	/System/Library/Frameworks/AVFoundation.framework/Versions/A/AVFoundation
0x0000000006fa4000 	/System/Library/Frameworks/CoreMedia.framework/Versions/A/CoreMedia
0x0000000006fa4000 	/System/Library/Frameworks/AVFoundation.framework/Versions/A/Resources/libAVFAudio.dylib
0x0000000006fa4000 	/System/Library/Frameworks/MediaToolbox.framework/Versions/A/MediaToolbox
0x0000000006fa4000 	/System/Library/Frameworks/VideoToolbox.framework/Versions/A/VideoToolbox
0x0000000006fa4000 	/System/Library/Frameworks/CoreMediaIO.framework/Versions/A/CoreMediaIO
0x0000000006fa4000 	/System/Library/PrivateFrameworks/CoreMediaAuthoring.framework/Versions/A/CoreMediaAuthoring
0x0000000006fa4000 	/System/Library/PrivateFrameworks/MediaControlSender.framework/Versions/A/MediaControlSender
0x0000000006fa4000 	/System/Library/PrivateFrameworks/CoreAVCHD.framework/Versions/A/CoreAVCHD
0x0000000006fa4000 	/System/Library/Frameworks/MediaAccessibility.framework/Versions/A/MediaAccessibility
0x0000000006fa4000 	/System/Library/PrivateFrameworks/Mangrove.framework/Versions/A/Mangrove
0x0000000006fa4000 	/System/Library/PrivateFrameworks/CoreAUC.framework/Versions/A/CoreAUC
0x0000000006fa4000 	/System/Library/PrivateFrameworks/Apple80211.framework/Versions/A/Apple80211
0x0000000006fa4000 	/System/Library/PrivateFrameworks/AppleSRP.framework/Versions/A/AppleSRP
0x0000000006fa4000 	/System/Library/PrivateFrameworks/CoreUtils.framework/Versions/A/CoreUtils
0x0000000006fa4000 	/System/Library/Frameworks/CoreWLAN.framework/Versions/A/CoreWLAN
0x0000000006fa4000 	/usr/lib/libpcap.A.dylib
0x0000000006fa4000 	/System/Library/Frameworks/CoreWiFi.framework/Versions/A/CoreWiFi
0x0000000006fa4000 	/System/Library/PrivateFrameworks/AppleVA.framework/Versions/A/AppleVA
0x0000000006fa4000 	/System/Library/PrivateFrameworks/XPCService.framework/Versions/A/XPCService
0x0000000006fa4000 	/System/Library/PrivateFrameworks/AppSandbox.framework/Versions/A/AppSandbox
0x0000000006fa4000 	/usr/lib/libsandbox.1.dylib
0x0000000006fa4000 	/System/Library/PrivateFrameworks/AppContainer.framework/Versions/A/AppContainer
0x0000000006fa4000 	/System/Library/PrivateFrameworks/SecCodeWrapper.framework/Versions/A/SecCodeWrapper
0x0000000006fa4000 	/usr/lib/libMatch.1.dylib
0x000000011aaef000 	/Applications/VLC.app/Contents/MacOS/plugins/libqtcapture_plugin.dylib
0x0000000006fa4000 	/System/Library/Frameworks/QTKit.framework/Versions/A/QTKit
0x000000011ab4a000 	/Applications/VLC.app/Contents/MacOS/plugins/libqtsound_plugin.dylib
0x000000011d1a4000 	/Applications/VLC.app/Contents/MacOS/plugins/liblibbluray_plugin.dylib
0x000000011ab54000 	/Applications/VLC.app/Contents/MacOS/plugins/libaccess_bd_plugin.dylib
0x000000011ad47000 	/Applications/VLC.app/Contents/MacOS/plugins/libdvdnav_plugin.dylib
0x000000011ab63000 	/Applications/VLC.app/Contents/MacOS/plugins/libaccess_vdr_plugin.dylib
0x000000011d5aa000 	/Applications/VLC.app/Contents/MacOS/plugins/libfilesystem_plugin.dylib
0x000000011e1b3000 	/Applications/VLC.app/Contents/MacOS/plugins/libsmooth_plugin.dylib
0x000000011ab6c000 	/Applications/VLC.app/Contents/MacOS/plugins/libdecomp_plugin.dylib
0x000000011e1bf000 	/Applications/VLC.app/Contents/MacOS/plugins/libhttplive_plugin.dylib
0x000000011e2ec000 	/Applications/VLC.app/Contents/MacOS/plugins/libdash_plugin.dylib
0x000000011e332000 	/Applications/VLC.app/Contents/MacOS/plugins/libstream_filter_rar_plugin.dylib
0x000000011e33a000 	/Applications/VLC.app/Contents/MacOS/plugins/libzip_plugin.dylib
0x000000011e354000 	/Applications/VLC.app/Contents/MacOS/plugins/librecord_plugin.dylib
0x000000011e35a000 	/Applications/VLC.app/Contents/MacOS/plugins/libmp4_plugin.dylib
0x000000011e388000 	/Applications/VLC.app/Contents/MacOS/plugins/libavi_plugin.dylib
0x000000011e39a000 	/Applications/VLC.app/Contents/MacOS/plugins/libasf_plugin.dylib
0x000000011e3a9000 	/Applications/VLC.app/Contents/MacOS/plugins/libflacsys_plugin.dylib
0x000000011e3b2000 	/Applications/VLC.app/Contents/MacOS/plugins/libes_plugin.dylib
0x000000011e3bd000 	/Applications/VLC.app/Contents/MacOS/plugins/libvorbis_plugin.dylib
0x000000011e499000 	/Applications/VLC.app/Contents/MacOS/plugins/libspeex_plugin.dylib
0x000000011e4cf000 	/Applications/VLC.app/Contents/MacOS/plugins/librawvideo_plugin.dylib
0x000000011e4d6000 	/Applications/VLC.app/Contents/MacOS/plugins/libtheora_plugin.dylib
0x000000011e51c000 	/Applications/VLC.app/Contents/MacOS/plugins/libaes3_plugin.dylib
0x000000011e522000 	/Applications/VLC.app/Contents/MacOS/plugins/liblpcm_plugin.dylib
0x000000011e52b000 	/Applications/VLC.app/Contents/MacOS/plugins/libpacketizer_mpeg4audio_plugin.dylib
0x000000011e535000 	/Applications/VLC.app/Contents/MacOS/plugins/libpacketizer_h264_plugin.dylib
0x000000011e541000 	/Applications/VLC.app/Contents/MacOS/plugins/libpacketizer_flac_plugin.dylib
0x000000011e548000 	/Applications/VLC.app/Contents/MacOS/plugins/libpacketizer_dirac_plugin.dylib
0x000000011e552000 	/Applications/VLC.app/Contents/MacOS/plugins/libpacketizer_mlp_plugin.dylib
0x000000011e559000 	/Applications/VLC.app/Contents/MacOS/plugins/libsvcdsub_plugin.dylib
0x000000011e560000 	/Applications/VLC.app/Contents/MacOS/plugins/libspudec_plugin.dylib
0x000000011e568000 	/Applications/VLC.app/Contents/MacOS/plugins/libpacketizer_vc1_plugin.dylib
0x000000011e571000 	/Applications/VLC.app/Contents/MacOS/plugins/libpacketizer_mpegvideo_plugin.dylib
0x000000011e57a000 	/Applications/VLC.app/Contents/MacOS/plugins/libpacketizer_mpeg4video_plugin.dylib
0x000000011e583000 	/Applications/VLC.app/Contents/MacOS/plugins/libcvdsub_plugin.dylib
0x000000011e58a000 	/Applications/VLC.app/Contents/MacOS/plugins/libdts_plugin.dylib
0x000000011e592000 	/Applications/VLC.app/Contents/MacOS/plugins/liba52_plugin.dylib
0x000000011e59a000 	/Applications/VLC.app/Contents/MacOS/plugins/libmpeg_audio_plugin.dylib
0x000000011e5a1000 	/Applications/VLC.app/Contents/MacOS/plugins/libpng_plugin.dylib
0x000000011e613000 	/Applications/VLC.app/Contents/MacOS/plugins/libcdg_plugin.dylib
0x000000011e61a000 	/Applications/VLC.app/Contents/MacOS/plugins/libschroedinger_plugin.dylib
0x000000011e82d000 	/Applications/VLC.app/Contents/MacOS/plugins/libaraw_plugin.dylib
0x000000011e835000 	/Applications/VLC.app/Contents/MacOS/plugins/libfaad_plugin.dylib
0x000000011e89f000 	/Applications/VLC.app/Contents/MacOS/plugins/liblibass_plugin.dylib
0x000000011ecf7000 	/Applications/VLC.app/Contents/MacOS/plugins/libg711_plugin.dylib
0x000000011ed00000 	/Applications/VLC.app/Contents/MacOS/plugins/libfluidsynth_plugin.dylib
0x000000011ee69000 	/Applications/VLC.app/Contents/MacOS/plugins/libflac_plugin.dylib
0x000000011eeb1000 	/Applications/VLC.app/Contents/MacOS/plugins/libopus_plugin.dylib
0x000000011f004000 	/Applications/VLC.app/Contents/MacOS/plugins/libtaglib_plugin.dylib
0x000000011f2b4000 	/Applications/VLC.app/Contents/MacOS/plugins/libauhal_plugin.dylib
0x000000011f2c3000 	/System/Library/Extensions/AppleHDA.kext/Contents/PlugIns/AppleHDAHALPlugIn.bundle/Contents/MacOS/AppleHDAHALPlugIn
0x000000011f392000 	/System/Library/Components/CoreAudio.component/Contents/MacOS/CoreAudio
0x000000011b026000 	/Applications/VLC.app/Contents/MacOS/plugins/libfloat_mixer_plugin.dylib
0x000000011b02b000 	/Applications/VLC.app/Contents/MacOS/plugins/libscaletempo_plugin.dylib
0x000000011b032000 	/Applications/VLC.app/Contents/MacOS/plugins/liba52tofloat32_plugin.dylib
0x000000011b042000 	/Applications/VLC.app/Contents/MacOS/plugins/libmpgatofixed32_plugin.dylib
0x000000011b069000 	/Applications/VLC.app/Contents/MacOS/plugins/libdtstofloat32_plugin.dylib
0x000000011f89b000 	/Applications/VLC.app/Contents/MacOS/plugins/libdtstospdif_plugin.dylib
0x000000011f8a1000 	/Applications/VLC.app/Contents/MacOS/plugins/libsimple_channel_mixer_plugin.dylib
0x000000011f8a9000 	/Applications/VLC.app/Contents/MacOS/plugins/liba52tospdif_plugin.dylib
0x000000011f8af000 	/Applications/VLC.app/Contents/MacOS/plugins/libdolby_surround_decoder_plugin.dylib
0x000000011f8b5000 	/Applications/VLC.app/Contents/MacOS/plugins/libugly_resampler_plugin.dylib
0x000000011f8bb000 	/Applications/VLC.app/Contents/MacOS/plugins/libaudio_format_plugin.dylib
0x000000011f8c3000 	/Applications/VLC.app/Contents/MacOS/plugins/libtrivial_channel_mixer_plugin.dylib

VM Arguments:
jvm_args: -Didea.launcher.port=7532 -Didea.launcher.bin.path=/Applications/IntelliJ IDEA 13 CE.app/bin -Dfile.encoding=UTF-8 
java_command: com.intellij.rt.execution.application.AppMain Supervisor
Launcher Type: SUN_STANDARD

Environment Variables:
JAVA_HOME=/Library/Java/JavaVirtualMachines/jdk1.7.0_55.jdk/Contents/Home
PATH=/usr/local/mysql/bin:/usr/local/sbin:/usr/bin:/bin:/usr/sbin:/sbin:/usr/local/bin:/usr/local/apache-maven-3.0.5/bin:/Users/vinay.varma/workspace/phabricator/arcanist/bin
SHELL=/bin/bash

Signal Handlers:
SIGSEGV: [libjvm.dylib+0x5253e5], sa_mask[0]=0xfffefeff, sa_flags=0x00000043
SIGBUS: [libjvm.dylib+0x5253e5], sa_mask[0]=0xfffefeff, sa_flags=0x00000042
SIGFPE: [libjvm.dylib+0x4188a2], sa_mask[0]=0xfffefeff, sa_flags=0x00000042
SIGPIPE: [libjvm.dylib+0x4188a2], sa_mask[0]=0xfffefeff, sa_flags=0x00000042
SIGXFSZ: [libjvm.dylib+0x4188a2], sa_mask[0]=0xfffefeff, sa_flags=0x00000042
SIGILL: [libjvm.dylib+0x4188a2], sa_mask[0]=0xfffefeff, sa_flags=0x00000042
SIGUSR1: SIG_DFL, sa_mask[0]=0x00000000, sa_flags=0x00000002
SIGUSR2: [libjvm.dylib+0x418394], sa_mask[0]=0x00000004, sa_flags=0x00000042
SIGHUP: [AudioToolbox+0xce3c4], sa_mask[0]=0x00000000, sa_flags=0x00000002
SIGINT: [libjvm.dylib+0x416623], sa_mask[0]=0xfffefeff, sa_flags=0x00000042
SIGTERM: [libjvm.dylib+0x416623], sa_mask[0]=0xfffefeff, sa_flags=0x00000042
SIGQUIT: [libjvm.dylib+0x416623], sa_mask[0]=0xfffefeff, sa_flags=0x00000042


---------------  S Y S T E M  ---------------

OS:Bsduname:Darwin 13.1.0 Darwin Kernel Version 13.1.0: Thu Jan 16 19:40:37 PST 2014; root:xnu-2422.90.20~2/RELEASE_X86_64 x86_64
rlimit: STACK 8192k, CORE 0k, NPROC 709, NOFILE 10240, AS infinity
load average:3.75 3.12 2.92

CPU:total 4 (2 cores per cpu, 2 threads per core) family 6 model 58 stepping 9, cmov, cx8, fxsr, mmx, sse, sse2, sse3, ssse3, sse4.1, sse4.2, popcnt, avx, aes, erms, ht, tsc, tscinvbit, tscinv

Memory: 4k page, physical 8388608k(2097152k free)

/proc/meminfo:


vm_info: Java HotSpot(TM) 64-Bit Server VM (24.55-b03) for bsd-amd64 JRE (1.7.0_55-b13), built on Mar 17 2014 19:40:08 by "java_re" with gcc 4.2.1 (Based on Apple Inc. build 5658) (LLVM build 2336.11.00)

time: Fri Jan 30 01:22:03 2015
elapsed time: 45 seconds

